<?xml version="1.0" encoding="UTF-8"?>
<coverage generated="1777247971150" clover="3.2.0">
  <project timestamp="1777247971150" name="All files">
    <metrics statements="12" coveredstatements="11" conditionals="6" coveredconditionals="4" methods="4" coveredmethods="4" elements="22" coveredelements="19" complexity="0" loc="12" ncloc="12" packages="1" files="2" classes="2"/>
    <file name="App.css" path="C:\Users\Produttivo\Desktop\ADS\DevOps\src\App.css">
      <metrics statements="0" coveredstatements="0" conditionals="0" coveredconditionals="0" methods="0" coveredmethods="0"/>
    </file>
    <file name="App.tsx" path="C:\Users\Produttivo\Desktop\ADS\DevOps\src\App.tsx">
      <metrics statements="12" coveredstatements="11" conditionals="6" coveredconditionals="4" methods="4" coveredmethods="4"/>
      <line num="5" count="3" type="stmt"/>
      <line num="6" count="3" type="stmt"/>
      <line num="8" count="3" type="stmt"/>
      <line num="14" count="1" type="stmt"/>
      <line num="15" count="1" type="stmt"/>
      <line num="16" count="1" type="cond" truecount="1" falsecount="1"/>
      <line num="17" count="1" type="cond" truecount="3" falsecount="1"/>
      <line num="18" count="1" type="stmt"/>
      <line num="20" count="0" type="stmt"/>
      <line num="24" count="3" type="stmt"/>
      <line num="27" count="1" type="stmt"/>
      <line num="28" count="1" type="stmt"/>
    </file>
  </project>
</coverage>
