{"C:\\Users\\Produttivo\\Desktop\\ADS\\DevOps\\src\\App.css": {"path":"C:\\Users\\Produttivo\\Desktop\\ADS\\DevOps\\src\\App.css","statementMap":{},"fnMap":{},"branchMap":{},"s":{},"f":{},"b":{},"meta":{"lastBranch":0,"lastFunction":0,"lastStatement":0,"seen":{}}}
,"C:\\Users\\Produttivo\\Desktop\\ADS\\DevOps\\src\\App.tsx": {"path":"C:\\Users\\Produttivo\\Desktop\\ADS\\DevOps\\src\\App.tsx","statementMap":{"0":{"start":{"line":5,"column":16},"end":{"line":5,"column":40}},"1":{"start":{"line":6,"column":19},"end":{"line":6,"column":46}},"2":{"start":{"line":8,"column":24},"end":{"line":11,"column":null}},"3":{"start":{"line":14,"column":4},"end":{"line":14,"column":null}},"4":{"start":{"line":15,"column":16},"end":{"line":15,"column":46}},"5":{"start":{"line":16,"column":4},"end":{"line":16,"column":null}},"6":{"start":{"line":16,"column":14},"end":{"line":16,"column":null}},"7":{"start":{"line":17,"column":4},"end":{"line":20,"column":null}},"8":{"start":{"line":18,"column":6},"end":{"line":18,"column":null}},"9":{"start":{"line":20,"column":6},"end":{"line":20,"column":null}},"10":{"start":{"line":24,"column":2},"end":{"line":30,"column":null}},"11":{"start":{"line":27,"column":76},"end":{"line":27,"column":103}},"12":{"start":{"line":28,"column":85},"end":{"line":28,"column":115}}},"fnMap":{"0":{"name":"App","decl":{"start":{"line":4,"column":9},"end":{"line":4,"column":15}},"loc":{"start":{"line":4,"column":15},"end":{"line":30,"column":null}},"line":4},"1":{"name":"handleLogin","decl":{"start":{"line":13,"column":11},"end":{"line":13,"column":25}},"loc":{"start":{"line":13,"column":25},"end":{"line":20,"column":null}},"line":13},"2":{"name":"(anonymous_2)","decl":{"start":{"line":27,"column":59},"end":{"line":27,"column":70}},"loc":{"start":{"line":27,"column":76},"end":{"line":27,"column":103}},"line":27},"3":{"name":"(anonymous_3)","decl":{"start":{"line":28,"column":68},"end":{"line":28,"column":79}},"loc":{"start":{"line":28,"column":85},"end":{"line":28,"column":115}},"line":28}},"branchMap":{"0":{"loc":{"start":{"line":16,"column":4},"end":{"line":16,"column":null}},"type":"if","locations":[{"start":{"line":16,"column":4},"end":{"line":16,"column":null}},{"start":{},"end":{}}],"line":16},"1":{"loc":{"start":{"line":17,"column":4},"end":{"line":20,"column":null}},"type":"if","locations":[{"start":{"line":17,"column":4},"end":{"line":20,"column":null}},{"start":{"line":19,"column":11},"end":{"line":20,"column":null}}],"line":17},"2":{"loc":{"start":{"line":17,"column":8},"end":{"line":17,"column":78}},"type":"binary-expr","locations":[{"start":{"line":17,"column":8},"end":{"line":17,"column":41}},{"start":{"line":17,"column":41},"end":{"line":17,"column":78}}],"line":17}},"s":{"0":3,"1":3,"2":3,"3":1,"4":1,"5":1,"6":0,"7":1,"8":1,"9":0,"10":3,"11":1,"12":1},"f":{"0":3,"1":1,"2":1,"3":1},"b":{"0":[0,1],"1":[1,0],"2":[1,1]},"meta":{"lastBranch":3,"lastFunction":4,"lastStatement":13,"seen":{"f:4:9:4:15":0,"s:5:16:5:40":0,"s:6:19:6:46":1,"s:8:24:11:Infinity":2,"f:13:11:13:25":1,"s:14:4:14:Infinity":3,"s:15:16:15:46":4,"b:16:4:16:Infinity:undefined:undefined:undefined:undefined":0,"s:16:4:16:Infinity":5,"s:16:14:16:Infinity":6,"b:17:4:20:Infinity:19:11:20:Infinity":1,"s:17:4:20:Infinity":7,"b:17:8:17:41:17:41:17:78":2,"s:18:6:18:Infinity":8,"s:20:6:20:Infinity":9,"s:24:2:30:Infinity":10,"f:27:59:27:70":2,"s:27:76:27:103":11,"f:28:68:28:79":3,"s:28:85:28:115":12}}}
}
